Using pre-set license
Built from '2021.3/staging' branch; Version is '2021.3.22f1 (b6c551784ba3) revision 11978065'; Using compiler version '192829333'; Build Type 'Release'
OS: 'Windows 11  (10.0.22621) 64bit Core' Language: 'en' Physical Memory: 8033 MB
BatchMode: 1, IsHumanControllingUs: 0, StartBugReporterOnCrash: 0, Is64bit: 1, IsPro: 1

COMMAND LINE ARGUMENTS:
C:\Program Files\Unity\Hub\Editor\2021.3.22f1\Editor\Unity.exe
-adb2
-batchMode
-noUpm
-name
AssetImportWorker0
-projectPath
C:/Users/AVIV/Roie/unity/MakeHuman_import
-logFile
Logs/AssetImportWorker0.log
-srvPort
59110
Successfully changed project path to: C:/Users/AVIV/Roie/unity/MakeHuman_import
C:/Users/AVIV/Roie/unity/MakeHuman_import
[UnityMemory] Configuration Parameters - Can be set up in boot.config
    "memorysetup-bucket-allocator-granularity=16"
    "memorysetup-bucket-allocator-bucket-count=8"
    "memorysetup-bucket-allocator-block-size=33554432"
    "memorysetup-bucket-allocator-block-count=8"
    "memorysetup-main-allocator-block-size=16777216"
    "memorysetup-thread-allocator-block-size=16777216"
    "memorysetup-gfx-main-allocator-block-size=16777216"
    "memorysetup-gfx-thread-allocator-block-size=16777216"
    "memorysetup-cache-allocator-block-size=4194304"
    "memorysetup-typetree-allocator-block-size=2097152"
    "memorysetup-profiler-bucket-allocator-granularity=16"
    "memorysetup-profiler-bucket-allocator-bucket-count=8"
    "memorysetup-profiler-bucket-allocator-block-size=33554432"
    "memorysetup-profiler-bucket-allocator-block-count=8"
    "memorysetup-profiler-allocator-block-size=16777216"
    "memorysetup-profiler-editor-allocator-block-size=1048576"
    "memorysetup-temp-allocator-size-main=16777216"
    "memorysetup-job-temp-allocator-block-size=2097152"
    "memorysetup-job-temp-allocator-block-size-background=1048576"
    "memorysetup-job-temp-allocator-reduction-small-platforms=262144"
    "memorysetup-temp-allocator-size-background-worker=32768"
    "memorysetup-temp-allocator-size-job-worker=262144"
    "memorysetup-temp-allocator-size-preload-manager=33554432"
    "memorysetup-temp-allocator-size-nav-mesh-worker=65536"
    "memorysetup-temp-allocator-size-audio-worker=65536"
    "memorysetup-temp-allocator-size-cloud-worker=32768"
    "memorysetup-temp-allocator-size-gi-baking-worker=262144"
    "memorysetup-temp-allocator-size-gfx=262144"
Player connection [19964] Host "[IP] 192.168.1.228 [Port] 0 [Flags] 2 [Guid] 20248009 [EditorId] 20248009 [Version] 1048832 [Id] WindowsEditor(7,DESKTOP-UR81RKP) [Debug] 1 [PackageName] WindowsEditor [ProjectName] Editor" joined multi-casting on [225.0.0.222:54997]...

Player connection [19964] Host "[IP] 192.168.1.228 [Port] 0 [Flags] 2 [Guid] 20248009 [EditorId] 20248009 [Version] 1048832 [Id] WindowsEditor(7,DESKTOP-UR81RKP) [Debug] 1 [PackageName] WindowsEditor [ProjectName] Editor" joined alternative multi-casting on [225.0.0.222:34997]...

Refreshing native plugins compatible for Editor in 151.98 ms, found 3 plugins.
Preloading 0 native plugins for Editor in 0.00 ms.
Initialize engine version: 2021.3.22f1 (b6c551784ba3)
[Subsystems] Discovering subsystems at path C:/Program Files/Unity/Hub/Editor/2021.3.22f1/Editor/Data/Resources/UnitySubsystems
[Subsystems] Discovering subsystems at path C:/Users/AVIV/Roie/unity/MakeHuman_import/Assets
GfxDevice: creating device client; threaded=0; jobified=0
Direct3D:
    Version:  Direct3D 11.0 [level 11.1]
    Renderer: Intel(R) UHD Graphics 620 (ID=0x5917)
    Vendor:   Intel
    VRAM:     4016 MB
    Driver:   31.0.101.2111
Initialize mono
Mono path[0] = 'C:/Program Files/Unity/Hub/Editor/2021.3.22f1/Editor/Data/Managed'
Mono path[1] = 'C:/Program Files/Unity/Hub/Editor/2021.3.22f1/Editor/Data/MonoBleedingEdge/lib/mono/unityjit-win32'
Mono config path = 'C:/Program Files/Unity/Hub/Editor/2021.3.22f1/Editor/Data/MonoBleedingEdge/etc'
Using monoOptions --debugger-agent=transport=dt_socket,embedding=1,server=y,suspend=n,address=127.0.0.1:56332
Begin MonoManager ReloadAssembly
Registering precompiled unity dll's ...
Register platform support module: C:/Program Files/Unity/Hub/Editor/2021.3.22f1/Editor/Data/PlaybackEngines/WebGLSupport/UnityEditor.WebGL.Extensions.dll
Register platform support module: C:/Program Files/Unity/Hub/Editor/2021.3.22f1/Editor/Data/PlaybackEngines/WindowsStandaloneSupport/UnityEditor.WindowsStandalone.Extensions.dll
Registered in 0.009848 seconds.
Native extension for WindowsStandalone target not found
Refreshing native plugins compatible for Editor in 115.21 ms, found 3 plugins.
Preloading 0 native plugins for Editor in 0.00 ms.
Mono: successfully reloaded assembly
- Completed reload, in  0.945 seconds
Domain Reload Profiling:
	ReloadAssembly (946ms)
		BeginReloadAssembly (148ms)
			ExecutionOrderSort (0ms)
			DisableScriptedObjects (0ms)
			BackupInstance (0ms)
			ReleaseScriptingObjects (0ms)
			CreateAndSetChildDomain (1ms)
		EndReloadAssembly (667ms)
			LoadAssemblies (143ms)
			RebuildTransferFunctionScriptingTraits (0ms)
			SetupTypeCache (125ms)
			ReleaseScriptCaches (0ms)
			RebuildScriptCaches (51ms)
			SetupLoadedEditorAssemblies (416ms)
				LogAssemblyErrors (0ms)
				InitializePlatformSupportModulesInManaged (10ms)
				SetLoadedEditorAssemblies (0ms)
				RefreshPlugins (115ms)
				BeforeProcessingInitializeOnLoad (2ms)
				ProcessInitializeOnLoadAttributes (227ms)
				ProcessInitializeOnLoadMethodAttributes (61ms)
				AfterProcessingInitializeOnLoad (0ms)
				EditorAssembliesLoaded (0ms)
			ExecutionOrderSort2 (0ms)
			AwakeInstancesAfterBackupRestoration (0ms)
Platform modules already initialized, skipping
Registering precompiled user dll's ...
Registered in 0.008113 seconds.
Begin MonoManager ReloadAssembly
Symbol file LoadedFromMemory doesn't match image C:\Users\AVIV\Roie\unity\MakeHuman_import\Library\PackageCache\com.unity.visualscripting@1.8.0\Editor\VisualScripting.Core\Dependencies\YamlDotNet\Unity.VisualScripting.YamlDotNet.dll
Symbol file LoadedFromMemory doesn't match image C:\Users\AVIV\Roie\unity\MakeHuman_import\Library\PackageCache\com.unity.visualscripting@1.8.0\Editor\VisualScripting.Core\Dependencies\DotNetZip\Unity.VisualScripting.IonicZip.dll
Native extension for WindowsStandalone target not found
Refreshing native plugins compatible for Editor in 0.53 ms, found 3 plugins.
Preloading 0 native plugins for Editor in 0.00 ms.
Mono: successfully reloaded assembly
- Completed reload, in  1.363 seconds
Domain Reload Profiling:
	ReloadAssembly (1364ms)
		BeginReloadAssembly (160ms)
			ExecutionOrderSort (0ms)
			DisableScriptedObjects (7ms)
			BackupInstance (0ms)
			ReleaseScriptingObjects (0ms)
			CreateAndSetChildDomain (23ms)
		EndReloadAssembly (1053ms)
			LoadAssemblies (166ms)
			RebuildTransferFunctionScriptingTraits (0ms)
			SetupTypeCache (344ms)
			ReleaseScriptCaches (1ms)
			RebuildScriptCaches (72ms)
			SetupLoadedEditorAssemblies (431ms)
				LogAssemblyErrors (0ms)
				InitializePlatformSupportModulesInManaged (6ms)
				SetLoadedEditorAssemblies (1ms)
				RefreshPlugins (1ms)
				BeforeProcessingInitializeOnLoad (110ms)
				ProcessInitializeOnLoadAttributes (274ms)
				ProcessInitializeOnLoadMethodAttributes (28ms)
				AfterProcessingInitializeOnLoad (12ms)
				EditorAssembliesLoaded (0ms)
			ExecutionOrderSort2 (0ms)
			AwakeInstancesAfterBackupRestoration (14ms)
Platform modules already initialized, skipping
========================================================================
Worker process is ready to serve import requests
Launched and connected shader compiler UnityShaderCompiler.exe after 0.06 seconds
Refreshing native plugins compatible for Editor in 0.84 ms, found 3 plugins.
Preloading 0 native plugins for Editor in 0.00 ms.
Unloading 3047 Unused Serialized files (Serialized files now loaded: 0)
Unloading 24 unused Assets / (113.4 KB). Loaded Objects now: 3507.
Memory consumption went from 107.5 MB to 107.4 MB.
Total: 3.963500 ms (FindLiveObjects: 0.288600 ms CreateObjectMapping: 0.236700 ms MarkObjects: 3.328900 ms  DeleteObjects: 0.107500 ms)

AssetImportParameters requested are different than current active one (requested -> active):
  custom:video-decoder-ogg-theora: a1e56fd34408186e4bbccfd4996cb3dc -> 
  custom:container-muxer-webm: aa71ff27fc2769a1b78a27578f13a17b -> 
  custom:container-demuxer-webm: 4f35f7cbe854078d1ac9338744f61a02 -> 
  custom:video-encoder-webm-vp8: eb34c28f22e8b96e1ab97ce403110664 -> 
  custom:video-codec-MediaFoundation-h265: 746d11721c4dcdbdad8f713fa42b33f4 -> 
  custom:audio-encoder-webm-vorbis: bf7c407c2cedff20999df2af8eb42d56 -> 
  custom:framework-win-MediaFoundation: 216162199b28c13a410421893ffa2e32 -> 
  custom:container-demuxer-ogg: 62fdf1f143b41e24485cea50d1cbac27 -> 
  custom:video-decoder-webm-vp8: 9c59270c3fd7afecdb556c50c9e8de78 -> 
  custom:audio-decoder-ogg-vorbis: bf7c407c2cedff20999df2af8eb42d56 -> 
========================================================================
Received Import Request.
  Time since last request: 169548.399275 seconds.
  path: Assets/test1.fbx
  artifactKey: Guid(373ff602120104143a0014a35988b319) Importer(815301076,1909f56bfc062723c751e8b465ee728b)
Start importing Assets/test1.fbx using Guid(373ff602120104143a0014a35988b319) Importer(815301076,1909f56bfc062723c751e8b465ee728b)  -> (artifact id: 'bde5e3fca04d3710154f0224170f0773') in 0.925336 seconds 
========================================================================
Received Import Request.
  Time since last request: 39.564518 seconds.
  path: Assets/test1.fbx
  artifactKey: Guid(373ff602120104143a0014a35988b319) Importer(815301076,1909f56bfc062723c751e8b465ee728b)
Start importing Assets/test1.fbx using Guid(373ff602120104143a0014a35988b319) Importer(815301076,1909f56bfc062723c751e8b465ee728b)  -> (artifact id: '766a690df4406954f3aa507a28953888') in 0.359808 seconds 
========================================================================
Received Prepare
Registering precompiled user dll's ...
Registered in 0.008108 seconds.
Begin MonoManager ReloadAssembly
Symbol file LoadedFromMemory doesn't match image C:\Users\AVIV\Roie\unity\MakeHuman_import\Library\PackageCache\com.unity.visualscripting@1.8.0\Editor\VisualScripting.Core\Dependencies\YamlDotNet\Unity.VisualScripting.YamlDotNet.dll
Symbol file LoadedFromMemory doesn't match image C:\Users\AVIV\Roie\unity\MakeHuman_import\Library\PackageCache\com.unity.visualscripting@1.8.0\Editor\VisualScripting.Core\Dependencies\DotNetZip\Unity.VisualScripting.IonicZip.dll
Native extension for WindowsStandalone target not found
Refreshing native plugins compatible for Editor in 0.84 ms, found 3 plugins.
Preloading 0 native plugins for Editor in 0.00 ms.
Mono: successfully reloaded assembly
- Completed reload, in  2.945 seconds
Domain Reload Profiling:
	ReloadAssembly (2946ms)
		BeginReloadAssembly (578ms)
			ExecutionOrderSort (0ms)
			DisableScriptedObjects (9ms)
			BackupInstance (0ms)
			ReleaseScriptingObjects (1ms)
			CreateAndSetChildDomain (145ms)
		EndReloadAssembly (1834ms)
			LoadAssemblies (449ms)
			RebuildTransferFunctionScriptingTraits (0ms)
			SetupTypeCache (751ms)
			ReleaseScriptCaches (1ms)
			RebuildScriptCaches (79ms)
			SetupLoadedEditorAssemblies (651ms)
				LogAssemblyErrors (0ms)
				InitializePlatformSupportModulesInManaged (15ms)
				SetLoadedEditorAssemblies (1ms)
				RefreshPlugins (1ms)
				BeforeProcessingInitializeOnLoad (158ms)
				ProcessInitializeOnLoadAttributes (420ms)
				ProcessInitializeOnLoadMethodAttributes (35ms)
				AfterProcessingInitializeOnLoad (21ms)
				EditorAssembliesLoaded (0ms)
			ExecutionOrderSort2 (0ms)
			AwakeInstancesAfterBackupRestoration (16ms)
Platform modules already initialized, skipping
Refreshing native plugins compatible for Editor in 2.10 ms, found 3 plugins.
Preloading 0 native plugins for Editor in 0.00 ms.
Unloading 3042 Unused Serialized files (Serialized files now loaded: 0)
Unloading 17 unused Assets / (79.8 KB). Loaded Objects now: 3555.
Memory consumption went from 124.8 MB to 124.8 MB.
Total: 3.667700 ms (FindLiveObjects: 0.278600 ms CreateObjectMapping: 0.161300 ms MarkObjects: 3.099100 ms  DeleteObjects: 0.126900 ms)

AssetImportParameters requested are different than current active one (requested -> active):
  custom:video-decoder-ogg-theora: a1e56fd34408186e4bbccfd4996cb3dc -> 
  custom:container-muxer-webm: aa71ff27fc2769a1b78a27578f13a17b -> 
  custom:container-demuxer-webm: 4f35f7cbe854078d1ac9338744f61a02 -> 
  custom:video-encoder-webm-vp8: eb34c28f22e8b96e1ab97ce403110664 -> 
  custom:video-codec-MediaFoundation-h265: 746d11721c4dcdbdad8f713fa42b33f4 -> 
  custom:audio-encoder-webm-vorbis: bf7c407c2cedff20999df2af8eb42d56 -> 
  custom:framework-win-MediaFoundation: 216162199b28c13a410421893ffa2e32 -> 
  custom:container-demuxer-ogg: 62fdf1f143b41e24485cea50d1cbac27 -> 
  custom:video-decoder-webm-vp8: 9c59270c3fd7afecdb556c50c9e8de78 -> 
  custom:audio-decoder-ogg-vorbis: bf7c407c2cedff20999df2af8eb42d56 -> 
========================================================================
Received Prepare
Registering precompiled user dll's ...
Registered in 0.008573 seconds.
Begin MonoManager ReloadAssembly
Symbol file LoadedFromMemory doesn't match image C:\Users\AVIV\Roie\unity\MakeHuman_import\Library\PackageCache\com.unity.visualscripting@1.8.0\Editor\VisualScripting.Core\Dependencies\YamlDotNet\Unity.VisualScripting.YamlDotNet.dll
Symbol file LoadedFromMemory doesn't match image C:\Users\AVIV\Roie\unity\MakeHuman_import\Library\PackageCache\com.unity.visualscripting@1.8.0\Editor\VisualScripting.Core\Dependencies\DotNetZip\Unity.VisualScripting.IonicZip.dll
Native extension for WindowsStandalone target not found
Refreshing native plugins compatible for Editor in 2.98 ms, found 3 plugins.
Preloading 0 native plugins for Editor in 0.00 ms.
Mono: successfully reloaded assembly
- Completed reload, in  3.342 seconds
Domain Reload Profiling:
	ReloadAssembly (3344ms)
		BeginReloadAssembly (272ms)
			ExecutionOrderSort (0ms)
			DisableScriptedObjects (13ms)
			BackupInstance (0ms)
			ReleaseScriptingObjects (0ms)
			CreateAndSetChildDomain (64ms)
		EndReloadAssembly (2864ms)
			LoadAssemblies (163ms)
			RebuildTransferFunctionScriptingTraits (0ms)
			SetupTypeCache (832ms)
			ReleaseScriptCaches (4ms)
			RebuildScriptCaches (205ms)
			SetupLoadedEditorAssemblies (1416ms)
				LogAssemblyErrors (0ms)
				InitializePlatformSupportModulesInManaged (24ms)
				SetLoadedEditorAssemblies (2ms)
				RefreshPlugins (3ms)
				BeforeProcessingInitializeOnLoad (275ms)
				ProcessInitializeOnLoadAttributes (1040ms)
				ProcessInitializeOnLoadMethodAttributes (54ms)
				AfterProcessingInitializeOnLoad (18ms)
				EditorAssembliesLoaded (0ms)
			ExecutionOrderSort2 (0ms)
			AwakeInstancesAfterBackupRestoration (20ms)
Platform modules already initialized, skipping
Refreshing native plugins compatible for Editor in 3.35 ms, found 3 plugins.
Preloading 0 native plugins for Editor in 0.00 ms.
Unloading 3042 Unused Serialized files (Serialized files now loaded: 0)
Unloading 17 unused Assets / (79.8 KB). Loaded Objects now: 3558.
Memory consumption went from 124.8 MB to 124.8 MB.
Total: 5.181500 ms (FindLiveObjects: 0.318000 ms CreateObjectMapping: 0.186400 ms MarkObjects: 4.554600 ms  DeleteObjects: 0.120700 ms)

AssetImportParameters requested are different than current active one (requested -> active):
  custom:video-decoder-ogg-theora: a1e56fd34408186e4bbccfd4996cb3dc -> 
  custom:container-muxer-webm: aa71ff27fc2769a1b78a27578f13a17b -> 
  custom:container-demuxer-webm: 4f35f7cbe854078d1ac9338744f61a02 -> 
  custom:video-encoder-webm-vp8: eb34c28f22e8b96e1ab97ce403110664 -> 
  custom:video-codec-MediaFoundation-h265: 746d11721c4dcdbdad8f713fa42b33f4 -> 
  custom:audio-encoder-webm-vorbis: bf7c407c2cedff20999df2af8eb42d56 -> 
  custom:framework-win-MediaFoundation: 216162199b28c13a410421893ffa2e32 -> 
  custom:container-demuxer-ogg: 62fdf1f143b41e24485cea50d1cbac27 -> 
  custom:video-decoder-webm-vp8: 9c59270c3fd7afecdb556c50c9e8de78 -> 
  custom:audio-decoder-ogg-vorbis: bf7c407c2cedff20999df2af8eb42d56 -> 
========================================================================
Received Import Request.
  Time since last request: 204.715564 seconds.
  path: Assets/textures
  artifactKey: Guid(67ccabaa7b70d164ba8f4a1f461c5ff2) Importer(815301076,1909f56bfc062723c751e8b465ee728b)
Start importing Assets/textures using Guid(67ccabaa7b70d164ba8f4a1f461c5ff2) Importer(815301076,1909f56bfc062723c751e8b465ee728b)  -> (artifact id: 'fcdc7b46ea8c26f2864923007de512a9') in 0.011679 seconds 
========================================================================
Received Import Request.
  Time since last request: 0.044331 seconds.
  path: Assets/textures/brown_eye.png
  artifactKey: Guid(5470b5d8b1a436140abcbf16935849c1) Importer(815301076,1909f56bfc062723c751e8b465ee728b)
Start importing Assets/textures/brown_eye.png using Guid(5470b5d8b1a436140abcbf16935849c1) Importer(815301076,1909f56bfc062723c751e8b465ee728b)  -> (artifact id: '756604a1bf745cde5469ba49704e7f8a') in 0.095750 seconds 
========================================================================
Received Import Request.
  Time since last request: 0.000026 seconds.
  path: Assets/textures/eyelashes01.png
  artifactKey: Guid(ea9c2cc6d12134c4dbfe38b57062b7a3) Importer(815301076,1909f56bfc062723c751e8b465ee728b)
Start importing Assets/textures/eyelashes01.png using Guid(ea9c2cc6d12134c4dbfe38b57062b7a3) Importer(815301076,1909f56bfc062723c751e8b465ee728b)  -> (artifact id: 'be46668dc165c1a0244553e1ed91df34') in 0.038776 seconds 
========================================================================
Received Import Request.
  Time since last request: 0.000079 seconds.
  path: Assets/textures/male_casualsuit06_normal.png
  artifactKey: Guid(d64d4453c3c193b42a4b0b8f24895b1f) Importer(815301076,1909f56bfc062723c751e8b465ee728b)
Start importing Assets/textures/male_casualsuit06_normal.png using Guid(d64d4453c3c193b42a4b0b8f24895b1f) Importer(815301076,1909f56bfc062723c751e8b465ee728b)  -> (artifact id: '7ee2bbabd4a4d6c5a3fe9022de2de56a') in 0.102930 seconds 
========================================================================
Received Import Request.
  Time since last request: 0.000047 seconds.
  path: Assets/textures/teeth.png
  artifactKey: Guid(360e8397f57648741bdf7f66be6f830a) Importer(815301076,1909f56bfc062723c751e8b465ee728b)
Start importing Assets/textures/teeth.png using Guid(360e8397f57648741bdf7f66be6f830a) Importer(815301076,1909f56bfc062723c751e8b465ee728b)  -> (artifact id: '53a3adc084c810351ff1bf0c3f5bb32b') in 0.052325 seconds 
========================================================================
Received Import Request.
  Time since last request: 0.000035 seconds.
  path: Assets/textures/short01_diffuse.png
  artifactKey: Guid(e80029d6926808344a7de7ce21eaeba1) Importer(815301076,1909f56bfc062723c751e8b465ee728b)
Start importing Assets/textures/short01_diffuse.png using Guid(e80029d6926808344a7de7ce21eaeba1) Importer(815301076,1909f56bfc062723c751e8b465ee728b)  -> (artifact id: '6d6e9c132ddd457dc0e87441563a0625') in 0.035222 seconds 
========================================================================
Received Prepare
Registering precompiled user dll's ...
Registered in 0.008450 seconds.
Begin MonoManager ReloadAssembly
Symbol file LoadedFromMemory doesn't match image C:\Users\AVIV\Roie\unity\MakeHuman_import\Library\PackageCache\com.unity.visualscripting@1.8.0\Editor\VisualScripting.Core\Dependencies\YamlDotNet\Unity.VisualScripting.YamlDotNet.dll
Symbol file LoadedFromMemory doesn't match image C:\Users\AVIV\Roie\unity\MakeHuman_import\Library\PackageCache\com.unity.visualscripting@1.8.0\Editor\VisualScripting.Core\Dependencies\DotNetZip\Unity.VisualScripting.IonicZip.dll
Native extension for WindowsStandalone target not found
Refreshing native plugins compatible for Editor in 0.50 ms, found 3 plugins.
Preloading 0 native plugins for Editor in 0.00 ms.
Mono: successfully reloaded assembly
- Completed reload, in  1.118 seconds
Domain Reload Profiling:
	ReloadAssembly (1119ms)
		BeginReloadAssembly (168ms)
			ExecutionOrderSort (0ms)
			DisableScriptedObjects (6ms)
			BackupInstance (0ms)
			ReleaseScriptingObjects (0ms)
			CreateAndSetChildDomain (37ms)
		EndReloadAssembly (838ms)
			LoadAssemblies (100ms)
			RebuildTransferFunctionScriptingTraits (0ms)
			SetupTypeCache (306ms)
			ReleaseScriptCaches (1ms)
			RebuildScriptCaches (44ms)
			SetupLoadedEditorAssemblies (345ms)
				LogAssemblyErrors (0ms)
				InitializePlatformSupportModulesInManaged (6ms)
				SetLoadedEditorAssemblies (1ms)
				RefreshPlugins (1ms)
				BeforeProcessingInitializeOnLoad (75ms)
				ProcessInitializeOnLoadAttributes (232ms)
				ProcessInitializeOnLoadMethodAttributes (21ms)
				AfterProcessingInitializeOnLoad (10ms)
				EditorAssembliesLoaded (0ms)
			ExecutionOrderSort2 (0ms)
			AwakeInstancesAfterBackupRestoration (9ms)
Platform modules already initialized, skipping
Refreshing native plugins compatible for Editor in 2.02 ms, found 3 plugins.
Preloading 0 native plugins for Editor in 0.00 ms.
Unloading 3042 Unused Serialized files (Serialized files now loaded: 0)
Unloading 17 unused Assets / (80.0 KB). Loaded Objects now: 3565.
Memory consumption went from 124.9 MB to 124.8 MB.
Total: 4.379200 ms (FindLiveObjects: 0.265400 ms CreateObjectMapping: 0.154000 ms MarkObjects: 3.876100 ms  DeleteObjects: 0.082400 ms)

AssetImportParameters requested are different than current active one (requested -> active):
  custom:video-decoder-ogg-theora: a1e56fd34408186e4bbccfd4996cb3dc -> 
  custom:container-muxer-webm: aa71ff27fc2769a1b78a27578f13a17b -> 
  custom:container-demuxer-webm: 4f35f7cbe854078d1ac9338744f61a02 -> 
  custom:video-encoder-webm-vp8: eb34c28f22e8b96e1ab97ce403110664 -> 
  custom:video-codec-MediaFoundation-h265: 746d11721c4dcdbdad8f713fa42b33f4 -> 
  custom:audio-encoder-webm-vorbis: bf7c407c2cedff20999df2af8eb42d56 -> 
  custom:framework-win-MediaFoundation: 216162199b28c13a410421893ffa2e32 -> 
  custom:container-demuxer-ogg: 62fdf1f143b41e24485cea50d1cbac27 -> 
  custom:video-decoder-webm-vp8: 9c59270c3fd7afecdb556c50c9e8de78 -> 
  custom:audio-decoder-ogg-vorbis: bf7c407c2cedff20999df2af8eb42d56 -> 
========================================================================
Received Import Request.
  Time since last request: 258.322939 seconds.
  path: Assets/textures/brown_eye.png
  artifactKey: Guid(5470b5d8b1a436140abcbf16935849c1) Importer(815301076,1909f56bfc062723c751e8b465ee728b)
Start importing Assets/textures/brown_eye.png using Guid(5470b5d8b1a436140abcbf16935849c1) Importer(815301076,1909f56bfc062723c751e8b465ee728b)  -> (artifact id: '0128bd43a37acabb01e8d8e964530dca') in 0.053114 seconds 
========================================================================
Received Prepare
Registering precompiled user dll's ...
Registered in 0.005930 seconds.
Begin MonoManager ReloadAssembly
Symbol file LoadedFromMemory doesn't match image C:\Users\AVIV\Roie\unity\MakeHuman_import\Library\PackageCache\com.unity.visualscripting@1.8.0\Editor\VisualScripting.Core\Dependencies\YamlDotNet\Unity.VisualScripting.YamlDotNet.dll
Symbol file LoadedFromMemory doesn't match image C:\Users\AVIV\Roie\unity\MakeHuman_import\Library\PackageCache\com.unity.visualscripting@1.8.0\Editor\VisualScripting.Core\Dependencies\DotNetZip\Unity.VisualScripting.IonicZip.dll
Native extension for WindowsStandalone target not found
Refreshing native plugins compatible for Editor in 0.54 ms, found 3 plugins.
Preloading 0 native plugins for Editor in 0.00 ms.
Mono: successfully reloaded assembly
- Completed reload, in  1.323 seconds
Domain Reload Profiling:
	ReloadAssembly (1324ms)
		BeginReloadAssembly (163ms)
			ExecutionOrderSort (0ms)
			DisableScriptedObjects (6ms)
			BackupInstance (0ms)
			ReleaseScriptingObjects (0ms)
			CreateAndSetChildDomain (36ms)
		EndReloadAssembly (1035ms)
			LoadAssemblies (107ms)
			RebuildTransferFunctionScriptingTraits (0ms)
			SetupTypeCache (302ms)
			ReleaseScriptCaches (1ms)
			RebuildScriptCaches (47ms)
			SetupLoadedEditorAssemblies (471ms)
				LogAssemblyErrors (0ms)
				InitializePlatformSupportModulesInManaged (6ms)
				SetLoadedEditorAssemblies (1ms)
				RefreshPlugins (1ms)
				BeforeProcessingInitializeOnLoad (81ms)
				ProcessInitializeOnLoadAttributes (311ms)
				ProcessInitializeOnLoadMethodAttributes (51ms)
				AfterProcessingInitializeOnLoad (21ms)
				EditorAssembliesLoaded (0ms)
			ExecutionOrderSort2 (0ms)
			AwakeInstancesAfterBackupRestoration (35ms)
Platform modules already initialized, skipping
Refreshing native plugins compatible for Editor in 1.89 ms, found 3 plugins.
Preloading 0 native plugins for Editor in 0.00 ms.
Unloading 3042 Unused Serialized files (Serialized files now loaded: 0)
Unloading 17 unused Assets / (79.9 KB). Loaded Objects now: 3568.
Memory consumption went from 124.9 MB to 124.8 MB.
Total: 3.211100 ms (FindLiveObjects: 0.262900 ms CreateObjectMapping: 0.146100 ms MarkObjects: 2.679600 ms  DeleteObjects: 0.121100 ms)

AssetImportParameters requested are different than current active one (requested -> active):
  custom:video-decoder-ogg-theora: a1e56fd34408186e4bbccfd4996cb3dc -> 
  custom:container-muxer-webm: aa71ff27fc2769a1b78a27578f13a17b -> 
  custom:container-demuxer-webm: 4f35f7cbe854078d1ac9338744f61a02 -> 
  custom:video-encoder-webm-vp8: eb34c28f22e8b96e1ab97ce403110664 -> 
  custom:video-codec-MediaFoundation-h265: 746d11721c4dcdbdad8f713fa42b33f4 -> 
  custom:audio-encoder-webm-vorbis: bf7c407c2cedff20999df2af8eb42d56 -> 
  custom:framework-win-MediaFoundation: 216162199b28c13a410421893ffa2e32 -> 
  custom:container-demuxer-ogg: 62fdf1f143b41e24485cea50d1cbac27 -> 
  custom:video-decoder-webm-vp8: 9c59270c3fd7afecdb556c50c9e8de78 -> 
  custom:audio-decoder-ogg-vorbis: bf7c407c2cedff20999df2af8eb42d56 -> 
========================================================================
Received Import Request.
  Time since last request: 24.624877 seconds.
  path: Assets/textures/brown_eye.png
  artifactKey: Guid(5470b5d8b1a436140abcbf16935849c1) Importer(815301076,1909f56bfc062723c751e8b465ee728b)
Start importing Assets/textures/brown_eye.png using Guid(5470b5d8b1a436140abcbf16935849c1) Importer(815301076,1909f56bfc062723c751e8b465ee728b)  -> (artifact id: 'fd33eba0d63f414d2ae4f5873f012ddd') in 0.045176 seconds 
========================================================================
Received Prepare
Registering precompiled user dll's ...
Registered in 0.006482 seconds.
Begin MonoManager ReloadAssembly
Symbol file LoadedFromMemory doesn't match image C:\Users\AVIV\Roie\unity\MakeHuman_import\Library\PackageCache\com.unity.visualscripting@1.8.0\Editor\VisualScripting.Core\Dependencies\YamlDotNet\Unity.VisualScripting.YamlDotNet.dll
Symbol file LoadedFromMemory doesn't match image C:\Users\AVIV\Roie\unity\MakeHuman_import\Library\PackageCache\com.unity.visualscripting@1.8.0\Editor\VisualScripting.Core\Dependencies\DotNetZip\Unity.VisualScripting.IonicZip.dll
Native extension for WindowsStandalone target not found
Refreshing native plugins compatible for Editor in 0.54 ms, found 3 plugins.
Preloading 0 native plugins for Editor in 0.00 ms.
Mono: successfully reloaded assembly
- Completed reload, in  1.139 seconds
Domain Reload Profiling:
	ReloadAssembly (1140ms)
		BeginReloadAssembly (174ms)
			ExecutionOrderSort (0ms)
			DisableScriptedObjects (6ms)
			BackupInstance (0ms)
			ReleaseScriptingObjects (0ms)
			CreateAndSetChildDomain (40ms)
		EndReloadAssembly (853ms)
			LoadAssemblies (113ms)
			RebuildTransferFunctionScriptingTraits (0ms)
			SetupTypeCache (296ms)
			ReleaseScriptCaches (1ms)
			RebuildScriptCaches (47ms)
			SetupLoadedEditorAssemblies (361ms)
				LogAssemblyErrors (0ms)
				InitializePlatformSupportModulesInManaged (6ms)
				SetLoadedEditorAssemblies (1ms)
				RefreshPlugins (1ms)
				BeforeProcessingInitializeOnLoad (79ms)
				ProcessInitializeOnLoadAttributes (243ms)
				ProcessInitializeOnLoadMethodAttributes (22ms)
				AfterProcessingInitializeOnLoad (10ms)
				EditorAssembliesLoaded (0ms)
			ExecutionOrderSort2 (0ms)
			AwakeInstancesAfterBackupRestoration (10ms)
Platform modules already initialized, skipping
Refreshing native plugins compatible for Editor in 3.39 ms, found 3 plugins.
Preloading 0 native plugins for Editor in 0.00 ms.
Unloading 3042 Unused Serialized files (Serialized files now loaded: 0)
Unloading 17 unused Assets / (79.8 KB). Loaded Objects now: 3571.
Memory consumption went from 124.9 MB to 124.8 MB.
Total: 7.251000 ms (FindLiveObjects: 0.384500 ms CreateObjectMapping: 0.299700 ms MarkObjects: 6.427200 ms  DeleteObjects: 0.137800 ms)

AssetImportParameters requested are different than current active one (requested -> active):
  custom:video-decoder-ogg-theora: a1e56fd34408186e4bbccfd4996cb3dc -> 
  custom:container-muxer-webm: aa71ff27fc2769a1b78a27578f13a17b -> 
  custom:container-demuxer-webm: 4f35f7cbe854078d1ac9338744f61a02 -> 
  custom:video-encoder-webm-vp8: eb34c28f22e8b96e1ab97ce403110664 -> 
  custom:video-codec-MediaFoundation-h265: 746d11721c4dcdbdad8f713fa42b33f4 -> 
  custom:audio-encoder-webm-vorbis: bf7c407c2cedff20999df2af8eb42d56 -> 
  custom:framework-win-MediaFoundation: 216162199b28c13a410421893ffa2e32 -> 
  custom:container-demuxer-ogg: 62fdf1f143b41e24485cea50d1cbac27 -> 
  custom:video-decoder-webm-vp8: 9c59270c3fd7afecdb556c50c9e8de78 -> 
  custom:audio-decoder-ogg-vorbis: bf7c407c2cedff20999df2af8eb42d56 -> 
========================================================================
Received Import Request.
  Time since last request: 159.661570 seconds.
  path: Assets/test1.fbx
  artifactKey: Guid(373ff602120104143a0014a35988b319) Importer(815301076,1909f56bfc062723c751e8b465ee728b)
Start importing Assets/test1.fbx using Guid(373ff602120104143a0014a35988b319) Importer(815301076,1909f56bfc062723c751e8b465ee728b)  -> (artifact id: 'f39bdb88dc1be4dda31a746f501caac7') in 0.437207 seconds 
========================================================================
Received Import Request.
  Time since last request: 138.176723 seconds.
  path: Assets/test1.fbx
  artifactKey: Guid(373ff602120104143a0014a35988b319) Importer(815301076,1909f56bfc062723c751e8b465ee728b)
Start importing Assets/test1.fbx using Guid(373ff602120104143a0014a35988b319) Importer(815301076,1909f56bfc062723c751e8b465ee728b)  -> (artifact id: '4e93c8efb7325e1aeae07c5ae82994e0') in 0.333064 seconds 
========================================================================
Received Prepare
Registering precompiled user dll's ...
Registered in 0.007274 seconds.
Begin MonoManager ReloadAssembly
Symbol file LoadedFromMemory doesn't match image C:\Users\AVIV\Roie\unity\MakeHuman_import\Library\PackageCache\com.unity.visualscripting@1.8.0\Editor\VisualScripting.Core\Dependencies\YamlDotNet\Unity.VisualScripting.YamlDotNet.dll
Symbol file LoadedFromMemory doesn't match image C:\Users\AVIV\Roie\unity\MakeHuman_import\Library\PackageCache\com.unity.visualscripting@1.8.0\Editor\VisualScripting.Core\Dependencies\DotNetZip\Unity.VisualScripting.IonicZip.dll
Native extension for WindowsStandalone target not found
Refreshing native plugins compatible for Editor in 2.40 ms, found 3 plugins.
Preloading 0 native plugins for Editor in 0.00 ms.
Mono: successfully reloaded assembly
- Completed reload, in  3.455 seconds
Domain Reload Profiling:
	ReloadAssembly (3456ms)
		BeginReloadAssembly (503ms)
			ExecutionOrderSort (0ms)
			DisableScriptedObjects (10ms)
			BackupInstance (0ms)
			ReleaseScriptingObjects (0ms)
			CreateAndSetChildDomain (114ms)
		EndReloadAssembly (2552ms)
			LoadAssemblies (405ms)
			RebuildTransferFunctionScriptingTraits (0ms)
			SetupTypeCache (1108ms)
			ReleaseScriptCaches (5ms)
			RebuildScriptCaches (223ms)
			SetupLoadedEditorAssemblies (668ms)
				LogAssemblyErrors (0ms)
				InitializePlatformSupportModulesInManaged (23ms)
				SetLoadedEditorAssemblies (1ms)
				RefreshPlugins (3ms)
				BeforeProcessingInitializeOnLoad (196ms)
				ProcessInitializeOnLoadAttributes (360ms)
				ProcessInitializeOnLoadMethodAttributes (60ms)
				AfterProcessingInitializeOnLoad (23ms)
				EditorAssembliesLoaded (1ms)
			ExecutionOrderSort2 (0ms)
			AwakeInstancesAfterBackupRestoration (33ms)
Platform modules already initialized, skipping
Refreshing native plugins compatible for Editor in 1.81 ms, found 3 plugins.
Preloading 0 native plugins for Editor in 0.00 ms.
Unloading 3042 Unused Serialized files (Serialized files now loaded: 0)
Unloading 17 unused Assets / (79.7 KB). Loaded Objects now: 3574.
Memory consumption went from 125.0 MB to 124.9 MB.
Total: 2.869600 ms (FindLiveObjects: 0.257700 ms CreateObjectMapping: 0.137800 ms MarkObjects: 2.388000 ms  DeleteObjects: 0.084800 ms)

AssetImportParameters requested are different than current active one (requested -> active):
  custom:video-decoder-ogg-theora: a1e56fd34408186e4bbccfd4996cb3dc -> 
  custom:container-muxer-webm: aa71ff27fc2769a1b78a27578f13a17b -> 
  custom:container-demuxer-webm: 4f35f7cbe854078d1ac9338744f61a02 -> 
  custom:video-encoder-webm-vp8: eb34c28f22e8b96e1ab97ce403110664 -> 
  custom:video-codec-MediaFoundation-h265: 746d11721c4dcdbdad8f713fa42b33f4 -> 
  custom:audio-encoder-webm-vorbis: bf7c407c2cedff20999df2af8eb42d56 -> 
  custom:framework-win-MediaFoundation: 216162199b28c13a410421893ffa2e32 -> 
  custom:container-demuxer-ogg: 62fdf1f143b41e24485cea50d1cbac27 -> 
  custom:video-decoder-webm-vp8: 9c59270c3fd7afecdb556c50c9e8de78 -> 
  custom:audio-decoder-ogg-vorbis: bf7c407c2cedff20999df2af8eb42d56 -> 
========================================================================
Received Prepare
Registering precompiled user dll's ...
Registered in 0.012045 seconds.
Begin MonoManager ReloadAssembly
Symbol file LoadedFromMemory doesn't match image C:\Users\AVIV\Roie\unity\MakeHuman_import\Library\PackageCache\com.unity.visualscripting@1.8.0\Editor\VisualScripting.Core\Dependencies\YamlDotNet\Unity.VisualScripting.YamlDotNet.dll
Symbol file LoadedFromMemory doesn't match image C:\Users\AVIV\Roie\unity\MakeHuman_import\Library\PackageCache\com.unity.visualscripting@1.8.0\Editor\VisualScripting.Core\Dependencies\DotNetZip\Unity.VisualScripting.IonicZip.dll
Native extension for WindowsStandalone target not found
Refreshing native plugins compatible for Editor in 0.78 ms, found 3 plugins.
Preloading 0 native plugins for Editor in 0.00 ms.
Mono: successfully reloaded assembly
- Completed reload, in  2.838 seconds
Domain Reload Profiling:
	ReloadAssembly (2840ms)
		BeginReloadAssembly (681ms)
			ExecutionOrderSort (0ms)
			DisableScriptedObjects (19ms)
			BackupInstance (0ms)
			ReleaseScriptingObjects (0ms)
			CreateAndSetChildDomain (124ms)
		EndReloadAssembly (1705ms)
			LoadAssemblies (490ms)
			RebuildTransferFunctionScriptingTraits (0ms)
			SetupTypeCache (831ms)
			ReleaseScriptCaches (2ms)
			RebuildScriptCaches (83ms)
			SetupLoadedEditorAssemblies (537ms)
				LogAssemblyErrors (0ms)
				InitializePlatformSupportModulesInManaged (10ms)
				SetLoadedEditorAssemblies (1ms)
				RefreshPlugins (1ms)
				BeforeProcessingInitializeOnLoad (128ms)
				ProcessInitializeOnLoadAttributes (352ms)
				ProcessInitializeOnLoadMethodAttributes (31ms)
				AfterProcessingInitializeOnLoad (14ms)
				EditorAssembliesLoaded (0ms)
			ExecutionOrderSort2 (0ms)
			AwakeInstancesAfterBackupRestoration (14ms)
Platform modules already initialized, skipping
Refreshing native plugins compatible for Editor in 2.52 ms, found 3 plugins.
Preloading 0 native plugins for Editor in 0.00 ms.
Unloading 3042 Unused Serialized files (Serialized files now loaded: 0)
Unloading 17 unused Assets / (79.9 KB). Loaded Objects now: 3577.
Memory consumption went from 125.0 MB to 124.9 MB.
Total: 4.124100 ms (FindLiveObjects: 0.308900 ms CreateObjectMapping: 0.171300 ms MarkObjects: 3.536000 ms  DeleteObjects: 0.106700 ms)

AssetImportParameters requested are different than current active one (requested -> active):
  custom:video-decoder-ogg-theora: a1e56fd34408186e4bbccfd4996cb3dc -> 
  custom:container-muxer-webm: aa71ff27fc2769a1b78a27578f13a17b -> 
  custom:container-demuxer-webm: 4f35f7cbe854078d1ac9338744f61a02 -> 
  custom:video-encoder-webm-vp8: eb34c28f22e8b96e1ab97ce403110664 -> 
  custom:video-codec-MediaFoundation-h265: 746d11721c4dcdbdad8f713fa42b33f4 -> 
  custom:audio-encoder-webm-vorbis: bf7c407c2cedff20999df2af8eb42d56 -> 
  custom:framework-win-MediaFoundation: 216162199b28c13a410421893ffa2e32 -> 
  custom:container-demuxer-ogg: 62fdf1f143b41e24485cea50d1cbac27 -> 
  custom:video-decoder-webm-vp8: 9c59270c3fd7afecdb556c50c9e8de78 -> 
  custom:audio-decoder-ogg-vorbis: bf7c407c2cedff20999df2af8eb42d56 -> 
========================================================================
Received Import Request.
  Time since last request: 1313.027150 seconds.
  path: Assets/test1.fbx
  artifactKey: Guid(373ff602120104143a0014a35988b319) Importer(815301076,1909f56bfc062723c751e8b465ee728b)
Start importing Assets/test1.fbx using Guid(373ff602120104143a0014a35988b319) Importer(815301076,1909f56bfc062723c751e8b465ee728b)  -> (artifact id: 'e8acbb5404802a17c039eac82f456238') in 0.747675 seconds 
========================================================================
Received Prepare
Registering precompiled user dll's ...
Registered in 0.011769 seconds.
Begin MonoManager ReloadAssembly
Symbol file LoadedFromMemory doesn't match image C:\Users\AVIV\Roie\unity\MakeHuman_import\Library\PackageCache\com.unity.visualscripting@1.8.0\Editor\VisualScripting.Core\Dependencies\YamlDotNet\Unity.VisualScripting.YamlDotNet.dll
Symbol file LoadedFromMemory doesn't match image C:\Users\AVIV\Roie\unity\MakeHuman_import\Library\PackageCache\com.unity.visualscripting@1.8.0\Editor\VisualScripting.Core\Dependencies\DotNetZip\Unity.VisualScripting.IonicZip.dll
Native extension for WindowsStandalone target not found
Refreshing native plugins compatible for Editor in 0.53 ms, found 3 plugins.
Preloading 0 native plugins for Editor in 0.00 ms.
Mono: successfully reloaded assembly
- Completed reload, in  1.870 seconds
Domain Reload Profiling:
	ReloadAssembly (1870ms)
		BeginReloadAssembly (171ms)
			ExecutionOrderSort (0ms)
			DisableScriptedObjects (5ms)
			BackupInstance (0ms)
			ReleaseScriptingObjects (0ms)
			CreateAndSetChildDomain (41ms)
		EndReloadAssembly (1565ms)
			LoadAssemblies (110ms)
			RebuildTransferFunctionScriptingTraits (0ms)
			SetupTypeCache (535ms)
			ReleaseScriptCaches (5ms)
			RebuildScriptCaches (163ms)
			SetupLoadedEditorAssemblies (654ms)
				LogAssemblyErrors (0ms)
				InitializePlatformSupportModulesInManaged (7ms)
				SetLoadedEditorAssemblies (1ms)
				RefreshPlugins (1ms)
				BeforeProcessingInitializeOnLoad (87ms)
				ProcessInitializeOnLoadAttributes (529ms)
				ProcessInitializeOnLoadMethodAttributes (21ms)
				AfterProcessingInitializeOnLoad (9ms)
				EditorAssembliesLoaded (0ms)
			ExecutionOrderSort2 (0ms)
			AwakeInstancesAfterBackupRestoration (9ms)
Platform modules already initialized, skipping
Refreshing native plugins compatible for Editor in 1.83 ms, found 3 plugins.
Preloading 0 native plugins for Editor in 0.00 ms.
Unloading 3042 Unused Serialized files (Serialized files now loaded: 0)
Unloading 17 unused Assets / (80.3 KB). Loaded Objects now: 3580.
Memory consumption went from 125.1 MB to 125.0 MB.
Total: 4.235700 ms (FindLiveObjects: 0.259700 ms CreateObjectMapping: 0.141800 ms MarkObjects: 3.736300 ms  DeleteObjects: 0.096500 ms)

AssetImportParameters requested are different than current active one (requested -> active):
  custom:video-decoder-ogg-theora: a1e56fd34408186e4bbccfd4996cb3dc -> 
  custom:container-muxer-webm: aa71ff27fc2769a1b78a27578f13a17b -> 
  custom:container-demuxer-webm: 4f35f7cbe854078d1ac9338744f61a02 -> 
  custom:video-encoder-webm-vp8: eb34c28f22e8b96e1ab97ce403110664 -> 
  custom:video-codec-MediaFoundation-h265: 746d11721c4dcdbdad8f713fa42b33f4 -> 
  custom:audio-encoder-webm-vorbis: bf7c407c2cedff20999df2af8eb42d56 -> 
  custom:framework-win-MediaFoundation: 216162199b28c13a410421893ffa2e32 -> 
  custom:container-demuxer-ogg: 62fdf1f143b41e24485cea50d1cbac27 -> 
  custom:video-decoder-webm-vp8: 9c59270c3fd7afecdb556c50c9e8de78 -> 
  custom:audio-decoder-ogg-vorbis: bf7c407c2cedff20999df2af8eb42d56 -> 
========================================================================
Received Import Request.
  Time since last request: 311.010262 seconds.
  path: Assets/test1.fbx
  artifactKey: Guid(373ff602120104143a0014a35988b319) Importer(815301076,1909f56bfc062723c751e8b465ee728b)
Start importing Assets/test1.fbx using Guid(373ff602120104143a0014a35988b319) Importer(815301076,1909f56bfc062723c751e8b465ee728b)  -> (artifact id: '901dd31a9415c426b0cbb34dce941021') in 0.347071 seconds 
========================================================================
Received Import Request.
  Time since last request: 16.246651 seconds.
  path: Assets
  artifactKey: Guid(00000000000000001000000000000000) Importer(815301076,1909f56bfc062723c751e8b465ee728b)
Start importing Assets using Guid(00000000000000001000000000000000) Importer(815301076,1909f56bfc062723c751e8b465ee728b)  -> (artifact id: '79842766b460edbeab6a34051e857a80') in 0.011254 seconds 
========================================================================
Received Import Request.
  Time since last request: 18.003591 seconds.
  path: Assets/New Material.mat
  artifactKey: Guid(de787a87189f1a342aa044497fce9d48) Importer(815301076,1909f56bfc062723c751e8b465ee728b)
Start importing Assets/New Material.mat using Guid(de787a87189f1a342aa044497fce9d48) Importer(815301076,1909f56bfc062723c751e8b465ee728b)  -> (artifact id: '8de39597cb3c31304afd248a2d8a0ebb') in 0.028288 seconds 
========================================================================
Received Import Request.
  Time since last request: 109.617996 seconds.
  path: Assets/high-poly.mat
  artifactKey: Guid(de787a87189f1a342aa044497fce9d48) Importer(815301076,1909f56bfc062723c751e8b465ee728b)
Start importing Assets/high-poly.mat using Guid(de787a87189f1a342aa044497fce9d48) Importer(815301076,1909f56bfc062723c751e8b465ee728b)  -> (artifact id: 'bf8ac331264eef232259c5541868f827') in 0.301713 seconds 
========================================================================
Received Import Request.
  Time since last request: 521.895531 seconds.
  path: Assets/test1.mat
  artifactKey: Guid(437471edd11dc2143bade6b8a285af3e) Importer(815301076,1909f56bfc062723c751e8b465ee728b)
Start importing Assets/test1.mat using Guid(437471edd11dc2143bade6b8a285af3e) Importer(815301076,1909f56bfc062723c751e8b465ee728b)  -> (artifact id: '307f46f766a9e3e8f8b5648368551f06') in 0.072600 seconds 
========================================================================
Received Import Request.
  Time since last request: 204.952952 seconds.
  path: Assets/EverydayMotionPackFree
  artifactKey: Guid(52e36aa95ec1b3a4ba62b8f7e339a270) Importer(815301076,1909f56bfc062723c751e8b465ee728b)
Start importing Assets/EverydayMotionPackFree using Guid(52e36aa95ec1b3a4ba62b8f7e339a270) Importer(815301076,1909f56bfc062723c751e8b465ee728b)  -> (artifact id: '16559700380355553f5cf5f70c5cb1b7') in 0.004850 seconds 
========================================================================
Received Import Request.
  Time since last request: 3.308888 seconds.
  path: Assets/EverydayMotionPackFree/Mecanim
  artifactKey: Guid(4a1ed81f9a6f91a44af4fde68930cf9d) Importer(815301076,1909f56bfc062723c751e8b465ee728b)
Start importing Assets/EverydayMotionPackFree/Mecanim using Guid(4a1ed81f9a6f91a44af4fde68930cf9d) Importer(815301076,1909f56bfc062723c751e8b465ee728b)  -> (artifact id: '68a4f173cf0e9a2543743ea1b7a843a4') in 0.007637 seconds 
========================================================================
Received Import Request.
  Time since last request: 12536.273640 seconds.
  path: Assets/test1.fbx
  artifactKey: Guid(373ff602120104143a0014a35988b319) Importer(815301076,1909f56bfc062723c751e8b465ee728b)
Start importing Assets/test1.fbx using Guid(373ff602120104143a0014a35988b319) Importer(815301076,1909f56bfc062723c751e8b465ee728b)  -> (artifact id: 'e7736fac72b6a7188afe52d7f97313f5') in 1.166870 seconds 
========================================================================
Received Import Request.
  Time since last request: 75.914482 seconds.
  path: Assets/test1.fbx
  artifactKey: Guid(373ff602120104143a0014a35988b319) Importer(815301076,1909f56bfc062723c751e8b465ee728b)
Start importing Assets/test1.fbx using Guid(373ff602120104143a0014a35988b319) Importer(815301076,1909f56bfc062723c751e8b465ee728b)  -> (artifact id: '3bff6113462869883b3e8d7b7aaf23d3') in 0.397653 seconds 
========================================================================
Received Import Request.
  Time since last request: 8843.753320 seconds.
  path: Assets/avatar_controller.controller
  artifactKey: Guid(9640a7fbcece3504bb879a179fd04354) Importer(815301076,1909f56bfc062723c751e8b465ee728b)
Start importing Assets/avatar_controller.controller using Guid(9640a7fbcece3504bb879a179fd04354) Importer(815301076,1909f56bfc062723c751e8b465ee728b)  -> (artifact id: '9b58154f4ea0cba2474a921bf00f776b') in 0.201670 seconds 
========================================================================
Received Import Request.
  Time since last request: 43.909355 seconds.
  path: Assets/EverydayMotionPackFree/Motion
  artifactKey: Guid(c339fd4415b357d4b8b224c0038bf241) Importer(815301076,1909f56bfc062723c751e8b465ee728b)
Start importing Assets/EverydayMotionPackFree/Motion using Guid(c339fd4415b357d4b8b224c0038bf241) Importer(815301076,1909f56bfc062723c751e8b465ee728b)  -> (artifact id: '0d4c479e730f5576fc158f5755240313') in 0.007581 seconds 
========================================================================
Received Import Request.
  Time since last request: 2.515913 seconds.
  path: Assets/EverydayMotionPackFree/Motion/02_Move
  artifactKey: Guid(1446ece99f240664fa8ebfe7194e1176) Importer(815301076,1909f56bfc062723c751e8b465ee728b)
Start importing Assets/EverydayMotionPackFree/Motion/02_Move using Guid(1446ece99f240664fa8ebfe7194e1176) Importer(815301076,1909f56bfc062723c751e8b465ee728b)  -> (artifact id: '6f07e3ce4b9846d44cbe4a9859fd8caa') in 0.007794 seconds 
========================================================================
Received Import Request.
  Time since last request: 0.046403 seconds.
  path: Assets/EverydayMotionPackFree/Motion/02_Move/@female_move_run_sprint.FBX
  artifactKey: Guid(22d5cc376c23ef8489c12fe11e20ea12) Importer(815301076,1909f56bfc062723c751e8b465ee728b)
Start importing Assets/EverydayMotionPackFree/Motion/02_Move/@female_move_run_sprint.FBX using Guid(22d5cc376c23ef8489c12fe11e20ea12) Importer(815301076,1909f56bfc062723c751e8b465ee728b)  -> (artifact id: 'defd6a198062b3059b8a3bfa4ffc682d') in 0.078662 seconds 
========================================================================
Received Prepare
Registering precompiled user dll's ...
Registered in 0.006190 seconds.
Begin MonoManager ReloadAssembly
Symbol file LoadedFromMemory doesn't match image C:\Users\AVIV\Roie\unity\MakeHuman_import\Library\PackageCache\com.unity.visualscripting@1.8.0\Editor\VisualScripting.Core\Dependencies\YamlDotNet\Unity.VisualScripting.YamlDotNet.dll
Symbol file LoadedFromMemory doesn't match image C:\Users\AVIV\Roie\unity\MakeHuman_import\Library\PackageCache\com.unity.visualscripting@1.8.0\Editor\VisualScripting.Core\Dependencies\DotNetZip\Unity.VisualScripting.IonicZip.dll
Native extension for WindowsStandalone target not found
Refreshing native plugins compatible for Editor in 0.75 ms, found 3 plugins.
Preloading 0 native plugins for Editor in 0.00 ms.
Mono: successfully reloaded assembly
- Completed reload, in  2.036 seconds
Domain Reload Profiling:
	ReloadAssembly (2044ms)
		BeginReloadAssembly (756ms)
			ExecutionOrderSort (0ms)
			DisableScriptedObjects (37ms)
			BackupInstance (0ms)
			ReleaseScriptingObjects (0ms)
			CreateAndSetChildDomain (285ms)
		EndReloadAssembly (1116ms)
			LoadAssemblies (222ms)
			RebuildTransferFunctionScriptingTraits (0ms)
			SetupTypeCache (422ms)
			ReleaseScriptCaches (2ms)
			RebuildScriptCaches (55ms)
			SetupLoadedEditorAssemblies (423ms)
				LogAssemblyErrors (0ms)
				InitializePlatformSupportModulesInManaged (9ms)
				SetLoadedEditorAssemblies (1ms)
				RefreshPlugins (1ms)
				BeforeProcessingInitializeOnLoad (85ms)
				ProcessInitializeOnLoadAttributes (288ms)
				ProcessInitializeOnLoadMethodAttributes (29ms)
				AfterProcessingInitializeOnLoad (10ms)
				EditorAssembliesLoaded (0ms)
			ExecutionOrderSort2 (0ms)
			AwakeInstancesAfterBackupRestoration (10ms)
Platform modules already initialized, skipping
Refreshing native plugins compatible for Editor in 3.12 ms, found 3 plugins.
Preloading 0 native plugins for Editor in 0.00 ms.
Unloading 3042 Unused Serialized files (Serialized files now loaded: 0)
Unloading 17 unused Assets / (80.4 KB). Loaded Objects now: 3583.
Memory consumption went from 125.2 MB to 125.1 MB.
Total: 13.390000 ms (FindLiveObjects: 1.823800 ms CreateObjectMapping: 1.266500 ms MarkObjects: 9.904100 ms  DeleteObjects: 0.393000 ms)

AssetImportParameters requested are different than current active one (requested -> active):
  custom:video-decoder-ogg-theora: a1e56fd34408186e4bbccfd4996cb3dc -> 
  custom:container-muxer-webm: aa71ff27fc2769a1b78a27578f13a17b -> 
  custom:container-demuxer-webm: 4f35f7cbe854078d1ac9338744f61a02 -> 
  custom:video-encoder-webm-vp8: eb34c28f22e8b96e1ab97ce403110664 -> 
  custom:video-codec-MediaFoundation-h265: 746d11721c4dcdbdad8f713fa42b33f4 -> 
  custom:audio-encoder-webm-vorbis: bf7c407c2cedff20999df2af8eb42d56 -> 
  custom:framework-win-MediaFoundation: 216162199b28c13a410421893ffa2e32 -> 
  custom:container-demuxer-ogg: 62fdf1f143b41e24485cea50d1cbac27 -> 
  custom:video-decoder-webm-vp8: 9c59270c3fd7afecdb556c50c9e8de78 -> 
  custom:audio-decoder-ogg-vorbis: bf7c407c2cedff20999df2af8eb42d56 -> 
========================================================================
Received Prepare
Registering precompiled user dll's ...
Registered in 0.007882 seconds.
Begin MonoManager ReloadAssembly
Symbol file LoadedFromMemory doesn't match image C:\Users\AVIV\Roie\unity\MakeHuman_import\Library\PackageCache\com.unity.visualscripting@1.8.0\Editor\VisualScripting.Core\Dependencies\YamlDotNet\Unity.VisualScripting.YamlDotNet.dll
Symbol file LoadedFromMemory doesn't match image C:\Users\AVIV\Roie\unity\MakeHuman_import\Library\PackageCache\com.unity.visualscripting@1.8.0\Editor\VisualScripting.Core\Dependencies\DotNetZip\Unity.VisualScripting.IonicZip.dll
Native extension for WindowsStandalone target not found
Refreshing native plugins compatible for Editor in 2.29 ms, found 3 plugins.
Preloading 0 native plugins for Editor in 0.00 ms.
Mono: successfully reloaded assembly
- Completed reload, in  3.988 seconds
Domain Reload Profiling:
	ReloadAssembly (3993ms)
		BeginReloadAssembly (192ms)
			ExecutionOrderSort (0ms)
			DisableScriptedObjects (8ms)
			BackupInstance (0ms)
			ReleaseScriptingObjects (0ms)
			CreateAndSetChildDomain (42ms)
		EndReloadAssembly (3668ms)
			LoadAssemblies (128ms)
			RebuildTransferFunctionScriptingTraits (0ms)
			SetupTypeCache (831ms)
			ReleaseScriptCaches (5ms)
			RebuildScriptCaches (172ms)
			SetupLoadedEditorAssemblies (2081ms)
				LogAssemblyErrors (0ms)
				InitializePlatformSupportModulesInManaged (33ms)
				SetLoadedEditorAssemblies (4ms)
				RefreshPlugins (3ms)
				BeforeProcessingInitializeOnLoad (354ms)
				ProcessInitializeOnLoadAttributes (1524ms)
				ProcessInitializeOnLoadMethodAttributes (109ms)
				AfterProcessingInitializeOnLoad (54ms)
				EditorAssembliesLoaded (1ms)
			ExecutionOrderSort2 (0ms)
			AwakeInstancesAfterBackupRestoration (45ms)
Platform modules already initialized, skipping
Refreshing native plugins compatible for Editor in 10.15 ms, found 3 plugins.
Preloading 0 native plugins for Editor in 0.00 ms.
Unloading 3042 Unused Serialized files (Serialized files now loaded: 0)
Unloading 17 unused Assets / (80.3 KB). Loaded Objects now: 3586.
Memory consumption went from 125.2 MB to 125.2 MB.
Total: 16.680200 ms (FindLiveObjects: 0.689200 ms CreateObjectMapping: 1.046400 ms MarkObjects: 14.550500 ms  DeleteObjects: 0.389300 ms)

AssetImportParameters requested are different than current active one (requested -> active):
  custom:video-decoder-ogg-theora: a1e56fd34408186e4bbccfd4996cb3dc -> 
  custom:container-muxer-webm: aa71ff27fc2769a1b78a27578f13a17b -> 
  custom:container-demuxer-webm: 4f35f7cbe854078d1ac9338744f61a02 -> 
  custom:video-encoder-webm-vp8: eb34c28f22e8b96e1ab97ce403110664 -> 
  custom:video-codec-MediaFoundation-h265: 746d11721c4dcdbdad8f713fa42b33f4 -> 
  custom:audio-encoder-webm-vorbis: bf7c407c2cedff20999df2af8eb42d56 -> 
  custom:framework-win-MediaFoundation: 216162199b28c13a410421893ffa2e32 -> 
  custom:container-demuxer-ogg: 62fdf1f143b41e24485cea50d1cbac27 -> 
  custom:video-decoder-webm-vp8: 9c59270c3fd7afecdb556c50c9e8de78 -> 
  custom:audio-decoder-ogg-vorbis: bf7c407c2cedff20999df2af8eb42d56 -> 
========================================================================
Received Import Request.
  Time since last request: 254.287579 seconds.
  path: Assets/EverydayMotionPackFree/Motion/01_Idle
  artifactKey: Guid(c1c9ecdc7f7c54e47b4e4ec549e06aa8) Importer(815301076,1909f56bfc062723c751e8b465ee728b)
Start importing Assets/EverydayMotionPackFree/Motion/01_Idle using Guid(c1c9ecdc7f7c54e47b4e4ec549e06aa8) Importer(815301076,1909f56bfc062723c751e8b465ee728b)  -> (artifact id: 'f18d7c7dbd3031ece3b643bbc5575698') in 0.015412 seconds 
========================================================================
Received Import Request.
  Time since last request: 0.038809 seconds.
  path: Assets/EverydayMotionPackFree/Motion/01_Idle/@female_idle_pant.FBX
  artifactKey: Guid(c666c31b935567e40b01f9a889acf7fe) Importer(815301076,1909f56bfc062723c751e8b465ee728b)
Start importing Assets/EverydayMotionPackFree/Motion/01_Idle/@female_idle_pant.FBX using Guid(c666c31b935567e40b01f9a889acf7fe) Importer(815301076,1909f56bfc062723c751e8b465ee728b)  -> (artifact id: 'ba25f3e280e31f3a189d48ee0d7b7b31') in 0.039263 seconds 
========================================================================
Received Import Request.
  Time since last request: 36.576662 seconds.
  path: Assets/EverydayMotionPackFree/Motion/03_Emotion
  artifactKey: Guid(3b49200d264226248b8d5e8c269f3d00) Importer(815301076,1909f56bfc062723c751e8b465ee728b)
Start importing Assets/EverydayMotionPackFree/Motion/03_Emotion using Guid(3b49200d264226248b8d5e8c269f3d00) Importer(815301076,1909f56bfc062723c751e8b465ee728b)  -> (artifact id: '03b6d8557ff8c7dc503698613d142595') in 0.002253 seconds 
========================================================================
Received Import Request.
  Time since last request: 0.051901 seconds.
  path: Assets/EverydayMotionPackFree/Motion/03_Emotion/@female_emotion_laugh_on_chair.FBX
  artifactKey: Guid(0bd1f62ab1699a1469551c1ae0dd4ee5) Importer(815301076,1909f56bfc062723c751e8b465ee728b)
Start importing Assets/EverydayMotionPackFree/Motion/03_Emotion/@female_emotion_laugh_on_chair.FBX using Guid(0bd1f62ab1699a1469551c1ae0dd4ee5) Importer(815301076,1909f56bfc062723c751e8b465ee728b)  -> (artifact id: 'c6a99139918c1bc53b208115548dbb32') in 0.012568 seconds 
========================================================================
Received Import Request.
  Time since last request: 9.593356 seconds.
  path: Assets/EverydayMotionPackFree/Scene
  artifactKey: Guid(e997bdd28033c7140841c584529bd73d) Importer(815301076,1909f56bfc062723c751e8b465ee728b)
Start importing Assets/EverydayMotionPackFree/Scene using Guid(e997bdd28033c7140841c584529bd73d) Importer(815301076,1909f56bfc062723c751e8b465ee728b)  -> (artifact id: 'f5135d907b56c62831e157ac13d78ae9') in 0.005569 seconds 
========================================================================
Received Import Request.
  Time since last request: 1.156127 seconds.
  path: Assets/EverydayMotionPackFree/Scene/scene.unity
  artifactKey: Guid(68f637c9be40b534ab6a3c530fd35791) Importer(815301076,1909f56bfc062723c751e8b465ee728b)
Start importing Assets/EverydayMotionPackFree/Scene/scene.unity using Guid(68f637c9be40b534ab6a3c530fd35791) Importer(815301076,1909f56bfc062723c751e8b465ee728b)  -> (artifact id: '5cd6764ee1cfd9259e0ae49d8cad740a') in 0.004761 seconds 
========================================================================
Received Import Request.
  Time since last request: 9.444709 seconds.
  path: Assets/EverydayMotionPackFree/Model
  artifactKey: Guid(4cb4cf0037e062241b17a5a4c8089915) Importer(815301076,1909f56bfc062723c751e8b465ee728b)
Start importing Assets/EverydayMotionPackFree/Model using Guid(4cb4cf0037e062241b17a5a4c8089915) Importer(815301076,1909f56bfc062723c751e8b465ee728b)  -> (artifact id: '488c98072382bfd4701e75c36ad593b9') in 0.011573 seconds 
========================================================================
Received Import Request.
  Time since last request: 2.617497 seconds.
  path: Assets/EverydayMotionPackFree/Model/Chatacter
  artifactKey: Guid(ead3122c2bbcb9045998abe3a5dd31ea) Importer(815301076,1909f56bfc062723c751e8b465ee728b)
Start importing Assets/EverydayMotionPackFree/Model/Chatacter using Guid(ead3122c2bbcb9045998abe3a5dd31ea) Importer(815301076,1909f56bfc062723c751e8b465ee728b)  -> (artifact id: '9a2e4b1c3f2a9a360d378c0e79a038bf') in 0.012939 seconds 
========================================================================
Received Import Request.
  Time since last request: 0.073351 seconds.
  path: Assets/EverydayMotionPackFree/Model/Chatacter/female.FBX
  artifactKey: Guid(252fd4802fe65554887a6a150702ee14) Importer(815301076,1909f56bfc062723c751e8b465ee728b)
Start importing Assets/EverydayMotionPackFree/Model/Chatacter/female.FBX using Guid(252fd4802fe65554887a6a150702ee14) Importer(815301076,1909f56bfc062723c751e8b465ee728b)  -> (artifact id: '835245793017c5eae02e2074eba6b876') in 0.361430 seconds 
========================================================================
Received Import Request.
  Time since last request: 0.000029 seconds.
  path: Assets/EverydayMotionPackFree/Model/Chatacter/male.prefab
  artifactKey: Guid(d6f93c619ac63a648b10bd76d31922e2) Importer(815301076,1909f56bfc062723c751e8b465ee728b)
Start importing Assets/EverydayMotionPackFree/Model/Chatacter/male.prefab using Guid(d6f93c619ac63a648b10bd76d31922e2) Importer(815301076,1909f56bfc062723c751e8b465ee728b)  -> (artifact id: 'c82d1c30939e4b89951a74af7046bf2b') in 0.072871 seconds 
========================================================================
Received Import Request.
  Time since last request: 0.000036 seconds.
  path: Assets/EverydayMotionPackFree/Model/Chatacter/male.FBX
  artifactKey: Guid(07c4ef91a6ad63442ba51d1f34fe16be) Importer(815301076,1909f56bfc062723c751e8b465ee728b)
Start importing Assets/EverydayMotionPackFree/Model/Chatacter/male.FBX using Guid(07c4ef91a6ad63442ba51d1f34fe16be) Importer(815301076,1909f56bfc062723c751e8b465ee728b)  -> (artifact id: '066ebe9e1a4094ac2cee8f62c9c5d79e') in 0.070085 seconds 
========================================================================
Received Import Request.
  Time since last request: 1.389258 seconds.
  path: Assets/EverydayMotionPackFree/Model/Chatacter/Materials
  artifactKey: Guid(19cd5d5ee5bfa954f82f61ca24651071) Importer(815301076,1909f56bfc062723c751e8b465ee728b)
Start importing Assets/EverydayMotionPackFree/Model/Chatacter/Materials using Guid(19cd5d5ee5bfa954f82f61ca24651071) Importer(815301076,1909f56bfc062723c751e8b465ee728b)  -> (artifact id: '4e783502b47000feddb7d70cf06cc22c') in 0.012652 seconds 
========================================================================
Received Import Request.
  Time since last request: 0.058934 seconds.
  path: Assets/EverydayMotionPackFree/Model/Chatacter/Materials/Tex_0004_1.mat
  artifactKey: Guid(fb06af3e3f8511b4fa2b2f43e171f7a2) Importer(815301076,1909f56bfc062723c751e8b465ee728b)
Start importing Assets/EverydayMotionPackFree/Model/Chatacter/Materials/Tex_0004_1.mat using Guid(fb06af3e3f8511b4fa2b2f43e171f7a2) Importer(815301076,1909f56bfc062723c751e8b465ee728b)  -> (artifact id: '59fe8bdfefd9cb3437ed6090c30467e9') in 0.040009 seconds 
========================================================================
Received Import Request.
  Time since last request: 0.000022 seconds.
  path: Assets/EverydayMotionPackFree/Model/Chatacter/Materials/texture_male.mat
  artifactKey: Guid(77c42065870890f44be3bc31cbfa4f10) Importer(815301076,1909f56bfc062723c751e8b465ee728b)
Start importing Assets/EverydayMotionPackFree/Model/Chatacter/Materials/texture_male.mat using Guid(77c42065870890f44be3bc31cbfa4f10) Importer(815301076,1909f56bfc062723c751e8b465ee728b)  -> (artifact id: 'efc7e975984f3be6ea9367ab0be0fe43') in 0.020803 seconds 
========================================================================
Received Import Request.
  Time since last request: 0.000052 seconds.
  path: Assets/EverydayMotionPackFree/Model/Chatacter/Materials/texture_male.jpg
  artifactKey: Guid(8ef0517b935ae3a42a4608eac040ad59) Importer(815301076,1909f56bfc062723c751e8b465ee728b)
Start importing Assets/EverydayMotionPackFree/Model/Chatacter/Materials/texture_male.jpg using Guid(8ef0517b935ae3a42a4608eac040ad59) Importer(815301076,1909f56bfc062723c751e8b465ee728b)  -> (artifact id: 'aebc168180b8072a79b63bf8ecf780c8') in 0.053688 seconds 
========================================================================
Received Import Request.
  Time since last request: 8.540624 seconds.
  path: Assets/EverydayMotionPackFree/Model/Prop
  artifactKey: Guid(3149964c21163a348a164b68fe844657) Importer(815301076,1909f56bfc062723c751e8b465ee728b)
Start importing Assets/EverydayMotionPackFree/Model/Prop using Guid(3149964c21163a348a164b68fe844657) Importer(815301076,1909f56bfc062723c751e8b465ee728b)  -> (artifact id: 'c5cd54b5913873583d8a418e9c95d656') in 0.005025 seconds 
========================================================================
Received Import Request.
  Time since last request: 0.044686 seconds.
  path: Assets/EverydayMotionPackFree/Model/Prop/chair.prefab
  artifactKey: Guid(788cb3511bd62ed48a55f33629732b29) Importer(815301076,1909f56bfc062723c751e8b465ee728b)
Start importing Assets/EverydayMotionPackFree/Model/Prop/chair.prefab using Guid(788cb3511bd62ed48a55f33629732b29) Importer(815301076,1909f56bfc062723c751e8b465ee728b)  -> (artifact id: '8d6f70adda051a154ab9559963d9bce0') in 0.120532 seconds 
========================================================================
Received Import Request.
  Time since last request: 0.000029 seconds.
  path: Assets/EverydayMotionPackFree/Model/Prop/floor.prefab
  artifactKey: Guid(d753a8f78e0c8f94da7c390279ac2e5a) Importer(815301076,1909f56bfc062723c751e8b465ee728b)
Start importing Assets/EverydayMotionPackFree/Model/Prop/floor.prefab using Guid(d753a8f78e0c8f94da7c390279ac2e5a) Importer(815301076,1909f56bfc062723c751e8b465ee728b)  -> (artifact id: '50ec1faa43fd92b1d8ebc22d6e25a98b') in 0.045637 seconds 
